<?xml version="1.0" encoding="UTF-8"?>
<!-- Generated by org.testng.reporters.JUnitReportReporter -->
<testsuite hostname="IBM-416PTN3" failures="0" tests="5" name="TestRunner.TestRunnerLogin" time="45.451" errors="0" timestamp="2025-02-06T14:11:06 IST" skipped="0">
  <testcase classname="TestRunner.TestRunnerLogin" name="runScenario" time="13.414"/>
  <testcase classname="TestRunner.TestRunnerLogin" name="runScenario" time="8.364"/>
  <testcase classname="TestRunner.TestRunnerLogin" name="runScenario" time="7.692"/>
  <testcase classname="TestRunner.TestRunnerLogin" name="runScenario" time="8.332"/>
  <testcase classname="TestRunner.TestRunnerLogin" name="runScenario" time="7.649"/>
</testsuite> <!-- TestRunner.TestRunnerLogin -->
