<?xml version="1.0" encoding="UTF-8"?>
<!-- Generated by org.testng.reporters.JUnitReportReporter -->
<testsuite hostname="IBM-416PTN3" failures="0" tests="4" name="TestRunner.TestRunnerLogin" time="18.305" errors="0" timestamp="2025-02-05T02:09:07 IST" skipped="0">
  <testcase classname="TestRunner.TestRunnerLogin" name="runScenario" time="3.045"/>
  <testcase classname="TestRunner.TestRunnerLogin" name="runScenario" time="2.911"/>
  <testcase classname="TestRunner.TestRunnerLogin" name="runScenario" time="3.937"/>
  <testcase classname="TestRunner.TestRunnerLogin" name="runScenario" time="8.412"/>
</testsuite> <!-- TestRunner.TestRunnerLogin -->
