<?xml version="1.0" encoding="UTF-8"?>
<!-- Generated by org.testng.reporters.JUnitReportReporter -->
<testsuite hostname="IBM-416PTN3" failures="0" tests="4" name="TestRunner.TestRunnerLogin" time="31.734" errors="0" timestamp="2025-02-04T23:58:17 IST" skipped="0">
  <testcase classname="TestRunner.TestRunnerLogin" name="runScenario" time="6.161"/>
  <testcase classname="TestRunner.TestRunnerLogin" name="runScenario" time="5.812"/>
  <testcase classname="TestRunner.TestRunnerLogin" name="runScenario" time="11.261"/>
  <testcase classname="TestRunner.TestRunnerLogin" name="runScenario" time="8.500"/>
</testsuite> <!-- TestRunner.TestRunnerLogin -->
