<?xml version="1.0" encoding="UTF-8"?>
<!-- Generated by org.testng.reporters.JUnitReportReporter -->
<testsuite hostname="IBM-416PTN3" failures="0" tests="1" name="TestRunner.TestRunnerLogin" time="8.903" errors="0" timestamp="2025-02-06T14:09:28 IST" skipped="0">
  <testcase classname="TestRunner.TestRunnerLogin" name="runScenario" time="8.903"/>
</testsuite> <!-- TestRunner.TestRunnerLogin -->
