<?xml version="1.0" encoding="UTF-8"?>
<!-- Generated by org.testng.reporters.JUnitReportReporter -->
<testsuite hostname="IBM-416PTN3" failures="0" tests="4" name="TestRunner.TestLoginRunner" time="28.466" errors="0" timestamp="2025-02-03T21:51:14 IST" skipped="0">
  <testcase classname="TestRunner.TestLoginRunner" name="runScenario" time="5.851"/>
  <testcase classname="TestRunner.TestLoginRunner" name="runScenario" time="6.657"/>
  <testcase classname="TestRunner.TestLoginRunner" name="runScenario" time="5.233"/>
  <testcase classname="TestRunner.TestLoginRunner" name="runScenario" time="10.725"/>
</testsuite> <!-- TestRunner.TestLoginRunner -->
